<?xml version="1.0" encoding="UTF-8"?>
<!-- Generated by org.testng.reporters.JUnitReportReporter -->
<testsuite skipped="0" hostname="nvginws168" name="com.qa.shipment.testcase.DashboardpageTest" tests="1" failures="0" timestamp="09 Jan 2019 10:44:44 GMT" time="26.468" errors="0">
  <testcase name="companyselection" time="26.468" classname="com.qa.shipment.testcase.DashboardpageTest"/>
</testsuite> <!-- com.qa.shipment.testcase.DashboardpageTest -->
