<?xml version="1.0" encoding="UTF-8"?>
<!-- Generated by org.testng.reporters.JUnitReportReporter -->
<testsuite skipped="0" hostname="nvginws168" name="com.qa.shipment.testcase.LoginPageTest" tests="1" failures="0" timestamp="03 Jan 2019 13:24:14 GMT" time="11.687" errors="0">
  <testcase name="validateURL" time="11.687" classname="com.qa.shipment.testcase.LoginPageTest"/>
</testsuite> <!-- com.qa.shipment.testcase.LoginPageTest -->
