<?xml version="1.0" encoding="UTF-8"?>
<!-- Generated by org.testng.reporters.JUnitReportReporter -->
<testsuite skipped="0" hostname="nvginws168" name="com.qa.shipment.testcase.SearchpageTest" tests="2" failures="0" timestamp="11 Jan 2019 09:27:15 GMT" time="124.990" errors="0">
  <testcase name="globalSearch" time="66.962" classname="com.qa.shipment.testcase.SearchpageTest"/>
  <testcase name="shipmentnumberSearch" time="58.028" classname="com.qa.shipment.testcase.SearchpageTest"/>
</testsuite> <!-- com.qa.shipment.testcase.SearchpageTest -->
