<?xml version="1.0" encoding="UTF-8"?>
<!-- Generated by org.testng.reporters.JUnitReportReporter -->
<testsuite skipped="0" hostname="nvginws168" name="com.qa.shipment.testcase.LoginPageTest" tests="2" failures="0" timestamp="09 Jan 2019 10:44:44 GMT" time="24.180" errors="0">
  <testcase name="loginCredential" time="13.163" classname="com.qa.shipment.testcase.LoginPageTest"/>
  <testcase name="validateTitle" time="11.017" classname="com.qa.shipment.testcase.LoginPageTest"/>
</testsuite> <!-- com.qa.shipment.testcase.LoginPageTest -->
