<?xml version="1.0" encoding="UTF-8"?>
<!-- Generated by org.testng.reporters.JUnitReportReporter -->
<testsuite skipped="0" hostname="nvginws168" name="com.qa.shipment.testcase.MaintenancepageTest" tests="1" failures="0" timestamp="11 Jan 2019 09:27:15 GMT" time="186.488" errors="0">
  <testcase name="shipmentCreation" time="186.488" classname="com.qa.shipment.testcase.MaintenancepageTest"/>
</testsuite> <!-- com.qa.shipment.testcase.MaintenancepageTest -->
