<?xml version="1.0" encoding="UTF-8"?>
<!-- Generated by org.testng.reporters.JUnitReportReporter -->
<testsuite skipped="0" hostname="nvginws168" name="com.qa.shipment.testcase.CustomerCorporatePageTest" tests="1" failures="0" timestamp="09 Jan 2019 10:44:44 GMT" time="19.589" errors="0">
  <testcase name="companyselection" time="19.589" classname="com.qa.shipment.testcase.CustomerCorporatePageTest"/>
</testsuite> <!-- com.qa.shipment.testcase.CustomerCorporatePageTest -->
